d:\uni\semesters\ms\i\many body\lab\hamiltonian\x64\release\hamiltonian.obj
d:\uni\semesters\ms\i\many body\lab\hamiltonian\x64\release\header.obj
c:\users\maxgr\appdata\local\temp\lnk{d91ac4cf-5075-4dde-ac3e-d8af42075e21}.tmp
c:\users\maxgr\appdata\local\temp\lnk{cf102a60-bdb6-4182-9e99-f44456635d26}.tmp
c:\users\maxgr\appdata\local\temp\lnk{10182adb-73e6-47cb-9687-e8c20c19c529}.tmp
c:\users\maxgr\appdata\local\temp\lnk{9253a1a2-3fba-4e0c-9cdb-95e5bbf1dc30}.tmp
c:\users\maxgr\appdata\local\temp\lnk{56da7f52-b1ec-4628-9c65-78c0fa1a3dc3}.tmp
c:\users\maxgr\appdata\local\temp\lnk{0a95e396-84ca-431e-bc00-06721b2ce5ba}.tmp
c:\users\maxgr\appdata\local\temp\lnk{ec22ad53-dbcc-4c1d-900d-cb80e2bbaff7}.tmp
c:\users\maxgr\appdata\local\temp\lnk{41ff8b88-9066-4ffa-8f9f-97092adcfd03}.tmp
c:\users\maxgr\appdata\local\temp\lnk{44c47c45-b4de-4001-a5b8-518035ae7fe4}.tmp
c:\users\maxgr\appdata\local\temp\lnk{41aa9987-28c8-41e0-910f-b31a53b8d45b}.tmp
c:\users\maxgr\appdata\local\temp\lnk{ba2c01d9-ad2e-4020-9fb4-939fdc2f2a7d}.tmp
c:\users\maxgr\appdata\local\temp\lnk{e1a990dc-0858-4b5e-a40e-e5cb51a11552}.tmp
c:\users\maxgr\appdata\local\temp\lnk{356a37c2-246f-465e-b0ed-ae5b989248df}.tmp
c:\users\maxgr\appdata\local\temp\lnk{6d96fdcf-985b-4076-8b8c-26e563b7f251}.tmp
c:\users\maxgr\appdata\local\temp\lnk{3e05022d-101f-479d-9f52-e2b6f11d3b9e}.tmp
c:\users\maxgr\appdata\local\temp\lnk{2f6077a2-8403-4fbb-9adf-cfca272316cf}.tmp
c:\users\maxgr\appdata\local\temp\lnk{28ff4910-d248-4a2b-94a6-065d30d4257f}.tmp
c:\users\maxgr\appdata\local\temp\lnk{f75e3e5e-43d5-4fa0-8c12-000bdaa7349e}.tmp
c:\users\maxgr\appdata\local\temp\lnk{6fa598f7-82fe-4c57-bbb6-e0a19c83cb84}.tmp
c:\users\maxgr\appdata\local\temp\lnk{c45b01e9-a7f8-4ba9-8944-520302d5837c}.tmp
c:\users\maxgr\appdata\local\temp\lnk{c5cdfdab-5748-48e6-8136-c6afc457eee7}.tmp
c:\users\maxgr\appdata\local\temp\lnk{b68c318d-11c4-4739-91aa-c6392a2aff15}.tmp
c:\users\maxgr\appdata\local\temp\lnk{49334e87-b9f3-446b-93d1-1d5dc5f46700}.tmp
c:\users\maxgr\appdata\local\temp\lnk{32361b6b-de56-4e25-b5f7-84ff641a2210}.tmp
c:\users\maxgr\appdata\local\temp\lnk{17c24644-d578-41c8-9d11-e847b2ca3f33}.tmp
c:\users\maxgr\appdata\local\temp\lnk{d534b561-4c80-4a5e-9669-b7ee2eb5ea56}.tmp
c:\users\maxgr\appdata\local\temp\lnk{2d2122f5-63d0-4040-8b89-ae5f5f4b863e}.tmp
c:\users\maxgr\appdata\local\temp\lnk{4d491713-7efe-4925-bc59-2b996f4e0918}.tmp
c:\users\maxgr\appdata\local\temp\lnk{a690b732-3072-420e-abb2-33391b850a8c}.tmp
c:\users\maxgr\appdata\local\temp\lnk{c3196767-881f-49a1-a482-a253ee1602ed}.tmp
c:\users\maxgr\appdata\local\temp\lnk{3a90daa8-20fe-4f49-a8cb-5bbe6673cd3d}.tmp
c:\users\maxgr\appdata\local\temp\lnk{2c7af828-0f91-43d8-af5b-7354f1a9ad63}.tmp
c:\users\maxgr\appdata\local\temp\lnk{629e3e22-cc07-4f39-a246-c1bed4018b81}.tmp
c:\users\maxgr\appdata\local\temp\lnk{21573217-8dd3-4774-a944-b9a91c23f6e6}.tmp
c:\users\maxgr\appdata\local\temp\lnk{6d30bd9a-bd14-4dcc-9a78-1d70b9a993b4}.tmp
c:\users\maxgr\appdata\local\temp\lnk{a0318d1f-3067-43cb-96a7-94a18fc7c669}.tmp
c:\users\maxgr\appdata\local\temp\lnk{fad5418b-ccef-404a-baef-f8663d17beaa}.tmp
c:\users\maxgr\appdata\local\temp\lnk{bc3fbfb4-d46b-4d3f-b4ed-4289538d6b70}.tmp
c:\users\maxgr\appdata\local\temp\lnk{b84ee915-dca7-4d16-8924-3ab24c904f9e}.tmp
c:\users\maxgr\appdata\local\temp\lnk{98d18d09-ec1a-4f4c-820e-dfd4020c13ac}.tmp
c:\users\maxgr\appdata\local\temp\lnk{53464851-73fd-4718-98d1-cf2c237efa29}.tmp
c:\users\maxgr\appdata\local\temp\lnk{bd9b0d70-f0c2-4941-816b-5bc2d7ae8b04}.tmp
c:\users\maxgr\appdata\local\temp\lnk{a33033a2-cdd9-4ba0-ad4a-defe72d7b783}.tmp
c:\users\maxgr\appdata\local\temp\lnk{911d514a-370a-4bf8-a304-e27a9d7a996d}.tmp
c:\users\maxgr\appdata\local\temp\lnk{c44e983c-e56f-4fc5-a9a7-f7862de2433d}.tmp
c:\users\maxgr\appdata\local\temp\lnk{ee58cfd5-c10a-4a34-9050-5395856d1ff3}.tmp
c:\users\maxgr\appdata\local\temp\lnk{9e3166eb-0e3e-4e8f-afe0-fd29e8b14172}.tmp
c:\users\maxgr\appdata\local\temp\lnk{1c6145be-a840-44ee-bf50-e906605c52da}.tmp
c:\users\maxgr\appdata\local\temp\lnk{34b077a6-1d6d-48b5-a220-71ffa68c3963}.tmp
c:\users\maxgr\appdata\local\temp\lnk{9bf7a9d2-4dff-4e08-8e25-525e9b8a37b5}.tmp
c:\users\maxgr\appdata\local\temp\lnk{ff8bb99b-a88a-4c83-bc99-44e76fd289ab}.tmp
c:\users\maxgr\appdata\local\temp\lnk{3d24c729-2d4d-4c4b-8afd-91cb4cbbf75a}.tmp
c:\users\maxgr\appdata\local\temp\lnk{26042a7c-1406-4767-8ef6-9bc792f78ae4}.tmp
c:\users\maxgr\appdata\local\temp\lnk{ba45607a-38d7-4b72-9a10-939e7b09fc9d}.tmp
c:\users\maxgr\appdata\local\temp\lnk{92034eab-7002-46ae-ba6d-2c18c686f555}.tmp
c:\users\maxgr\appdata\local\temp\lnk{3e2ec3ab-8f4d-4d26-a745-619ba6351605}.tmp
c:\users\maxgr\appdata\local\temp\lnk{d9040192-efcb-4987-a9b8-aef72748bc2b}.tmp
c:\users\maxgr\appdata\local\temp\lnk{bf91f109-885a-4f79-8ca5-94b54e9099dc}.tmp
c:\users\maxgr\appdata\local\temp\lnk{a5e35821-fcc9-4cd8-98af-2a162171786e}.tmp
c:\users\maxgr\appdata\local\temp\lnk{36aa5fdb-933a-4833-a93d-a069066d0365}.tmp
c:\users\maxgr\appdata\local\temp\lnk{e3d1834f-692d-4037-8780-e2629de9924c}.tmp
c:\users\maxgr\appdata\local\temp\lnk{48e65a8f-762b-4417-bade-89b0327f76d2}.tmp
c:\users\maxgr\appdata\local\temp\lnk{7e484a71-ae9f-4712-98d7-853bea86dc2d}.tmp
c:\users\maxgr\appdata\local\temp\lnk{93d6aefc-75f5-4c9a-84bf-f4959dcf172a}.tmp
c:\users\maxgr\appdata\local\temp\lnk{387123eb-dc11-4308-acd4-218c3032ae0d}.tmp
c:\users\maxgr\appdata\local\temp\lnk{ed23b421-0c0e-4b58-b775-19bbb38065a4}.tmp
c:\users\maxgr\appdata\local\temp\lnk{82f073d0-9cde-4d4c-af82-44a64f54fa34}.tmp
c:\users\maxgr\appdata\local\temp\lnk{b460d988-97a8-4906-97d2-c727ff46f222}.tmp
c:\users\maxgr\appdata\local\temp\lnk{31672016-7681-4cda-8aad-88e3b52b0627}.tmp
c:\users\maxgr\appdata\local\temp\lnk{d4811c07-9aaf-41f2-a843-470bdb755dc8}.tmp
c:\users\maxgr\appdata\local\temp\lnk{abd2017b-903c-45ea-9f50-11b32bf88fd5}.tmp
c:\users\maxgr\appdata\local\temp\lnk{2438b46f-d87a-465b-80b2-a4e4b0374cb1}.tmp
c:\users\maxgr\appdata\local\temp\lnk{0e005282-4e6a-4fa5-8ccf-ef1f90c54aaa}.tmp
c:\users\maxgr\appdata\local\temp\lnk{a74c49e9-a59e-403a-b3be-affee0fb620a}.tmp
c:\users\maxgr\appdata\local\temp\lnk{33ce7ec9-a70a-4ae9-a7df-28c0ba108b89}.tmp
c:\users\maxgr\appdata\local\temp\lnk{555274d2-449c-4972-b811-0c6758fe5d84}.tmp
c:\users\maxgr\appdata\local\temp\lnk{9098f80f-40aa-45a0-bc7c-afcba9e23091}.tmp
c:\users\maxgr\appdata\local\temp\lnk{46f8946c-fc2e-4377-a445-d054e9c7a9d3}.tmp
c:\users\maxgr\appdata\local\temp\lnk{8e4fd714-fa54-444d-a879-06e9d7c44266}.tmp
c:\users\maxgr\appdata\local\temp\lnk{c67fa0f2-f62d-4e4b-8ae6-5e3fd0d3e842}.tmp
c:\users\maxgr\appdata\local\temp\lnk{1f083ff7-8405-401a-ae3e-db3a989fc99e}.tmp
c:\users\maxgr\appdata\local\temp\lnk{21ad9b48-a656-4b4b-9766-af094bb03601}.tmp
c:\users\maxgr\appdata\local\temp\lnk{638e7b4a-efd6-4156-895e-724b7f231794}.tmp
c:\users\maxgr\appdata\local\temp\lnk{8c27e36f-7252-44bd-932d-99b501e297c6}.tmp
c:\users\maxgr\appdata\local\temp\lnk{b761908e-79b1-4d0c-91f1-488f8afcbf75}.tmp
c:\users\maxgr\appdata\local\temp\lnk{94b5c9d7-66e0-4ffd-90f0-85eec2574124}.tmp
c:\users\maxgr\appdata\local\temp\lnk{04e65a27-c82d-4f1a-9347-82f90bd37b82}.tmp
c:\users\maxgr\appdata\local\temp\lnk{82655160-7a0c-469b-976e-078ca13a26d3}.tmp
c:\users\maxgr\appdata\local\temp\lnk{fc4d62e8-70cb-43d9-92af-6d81be030498}.tmp
c:\users\maxgr\appdata\local\temp\lnk{76195774-6239-4841-aff0-5076c008cb87}.tmp
c:\users\maxgr\appdata\local\temp\lnk{a868d873-2f7a-45c9-99dd-8714337eb7be}.tmp
c:\users\maxgr\appdata\local\temp\lnk{d31f4513-c686-43b0-a144-948f45d0ba98}.tmp
c:\users\maxgr\appdata\local\temp\lnk{d11d1962-7be5-4f03-9bcd-4d8a55a4a723}.tmp
c:\users\maxgr\appdata\local\temp\lnk{17694bde-5fdd-45a6-a708-f32d4096f3ee}.tmp
c:\users\maxgr\appdata\local\temp\lnk{5dbbf5eb-b589-4ffd-be45-14b22cb65067}.tmp
c:\users\maxgr\appdata\local\temp\lnk{2ae26dc4-53f5-4003-8d35-b662d1dbf462}.tmp
c:\users\maxgr\appdata\local\temp\lnk{431fcf25-67fa-443c-bbe3-ab0bd989a1d1}.tmp
c:\users\maxgr\appdata\local\temp\lnk{92f76486-aaa7-4d09-8199-388266216563}.tmp
c:\users\maxgr\appdata\local\temp\lnk{af1658ec-6cd8-49a6-addd-821ff2820474}.tmp
c:\users\maxgr\appdata\local\temp\lnk{0e60a08a-7439-46ab-a0d0-4b308f913267}.tmp
c:\users\maxgr\appdata\local\temp\lnk{d5863c37-e427-4432-9362-ea8870146019}.tmp
c:\users\maxgr\appdata\local\temp\lnk{40c9639a-c10f-40a5-8598-3f49f9467455}.tmp
c:\users\maxgr\appdata\local\temp\lnk{ec78def1-5d06-46ff-ae05-6fb41a0be22e}.tmp
c:\users\maxgr\appdata\local\temp\lnk{a2a7c506-1c07-46d1-9be3-e83dc9ed052a}.tmp
c:\users\maxgr\appdata\local\temp\lnk{3339e17e-6d28-4794-9114-81efcc75562f}.tmp
c:\users\maxgr\appdata\local\temp\lnk{9b457476-d731-49e0-83a0-f4a2bc4bf879}.tmp
c:\users\maxgr\appdata\local\temp\lnk{6d38c843-67ec-48a6-bf08-0d6026d66fcd}.tmp
c:\users\maxgr\appdata\local\temp\lnk{156f3285-f68e-40ee-afd4-761c37e80a74}.tmp
c:\users\maxgr\appdata\local\temp\lnk{e16ab11b-3ae3-4760-a910-963034cfaec7}.tmp
c:\users\maxgr\appdata\local\temp\lnk{93a29c26-5c17-406e-9a56-0594a02b8980}.tmp
c:\users\maxgr\appdata\local\temp\lnk{e62a8af4-10ab-4e18-b405-932f107b6c5a}.tmp
c:\users\maxgr\appdata\local\temp\lnk{8597dd92-1558-4be8-9dd8-86af7498b5d3}.tmp
c:\users\maxgr\appdata\local\temp\lnk{d0396e29-6e3d-4e21-b426-e604ad50fbc9}.tmp
c:\users\maxgr\appdata\local\temp\lnk{fb0ac588-8bf4-4a17-8478-28ec87bb5340}.tmp
c:\users\maxgr\appdata\local\temp\lnk{3cd40ff9-93a5-45f0-aa26-53cc799d3883}.tmp
c:\users\maxgr\appdata\local\temp\lnk{08b22025-477a-40db-a97e-bb43027a1f07}.tmp
c:\users\maxgr\appdata\local\temp\lnk{3311ff06-78d5-4f27-9220-d08e4b9f8a5d}.tmp
c:\users\maxgr\appdata\local\temp\lnk{5821fc61-dbfe-47a7-a0e7-8156405add4a}.tmp
c:\users\maxgr\appdata\local\temp\lnk{ca1fc593-ef32-4aa4-b525-8b63535fa52d}.tmp
c:\users\maxgr\appdata\local\temp\lnk{e88baa8d-99bb-4cf8-be86-0560de2d42b7}.tmp
c:\users\maxgr\appdata\local\temp\lnk{bffc5139-bed2-481c-a6c2-08ae7584f856}.tmp
c:\users\maxgr\appdata\local\temp\lnk{cf56f5b4-d34a-4772-807d-b7685e9fd8dc}.tmp
c:\users\maxgr\appdata\local\temp\lnk{e978d40a-e73d-4e5c-80d6-75f87106eb76}.tmp
c:\users\maxgr\appdata\local\temp\lnk{96c52c28-6c9e-43e0-b253-31199bb55024}.tmp
c:\users\maxgr\appdata\local\temp\lnk{5f56313d-e94e-46d1-9d2b-58ca8dea7b6d}.tmp
c:\users\maxgr\appdata\local\temp\lnk{8f32a2a6-8917-4f38-99f6-a701ef2fcd1f}.tmp
c:\users\maxgr\appdata\local\temp\lnk{5500aaa8-732a-4ea6-8492-2d0d2bac5e28}.tmp
c:\users\maxgr\appdata\local\temp\lnk{702b9016-f0a8-49b9-bcce-81b867e7dbca}.tmp
c:\users\maxgr\appdata\local\temp\lnk{1072fb4b-9b83-49db-9961-faea70f89c5e}.tmp
c:\users\maxgr\appdata\local\temp\lnk{14bc5607-d546-4ffd-aada-8c1f88d72fc7}.tmp
c:\users\maxgr\appdata\local\temp\lnk{e5dfc1cd-7f9e-400f-8acd-fca5ea94edd3}.tmp
c:\users\maxgr\appdata\local\temp\lnk{ca501703-d6dd-460b-9d10-d73eb6e4c6ae}.tmp
c:\users\maxgr\appdata\local\temp\lnk{ddbcb424-3a97-42b5-a64e-af83ddde40a9}.tmp
c:\users\maxgr\appdata\local\temp\lnk{a384ec62-250d-49c4-8738-a3300872eb40}.tmp
c:\users\maxgr\appdata\local\temp\lnk{b904a1a6-4643-4498-9104-2100c7260b04}.tmp
c:\users\maxgr\appdata\local\temp\lnk{7af81441-b4c4-4d7a-a236-92e3aac04b0f}.tmp
c:\users\maxgr\appdata\local\temp\lnk{aa22cb4d-ebaf-4a5d-a697-0d9c9bceb4bc}.tmp
c:\users\maxgr\appdata\local\temp\lnk{f30ef44b-555e-41ee-a601-0c4002bf7f3d}.tmp
c:\users\maxgr\appdata\local\temp\lnk{c7288416-1ab0-4729-9cf5-7f88c474d635}.tmp
c:\users\maxgr\appdata\local\temp\lnk{ce77295e-6b11-4541-b7f4-47ef72c5c544}.tmp
c:\users\maxgr\appdata\local\temp\lnk{f72d7b9a-c21d-438b-96a5-49d1e3b68514}.tmp
c:\users\maxgr\appdata\local\temp\lnk{eb6755fb-32c3-4736-950e-1dc449534140}.tmp
c:\users\maxgr\appdata\local\temp\lnk{bff04af4-09d2-4b73-a2c2-8a85dd6c87b4}.tmp
c:\users\maxgr\appdata\local\temp\lnk{c2c7c5b5-a352-4981-be28-6a130ff407ee}.tmp
c:\users\maxgr\appdata\local\temp\lnk{fbc2f495-2635-4f79-8435-6c5256289150}.tmp
c:\users\maxgr\appdata\local\temp\lnk{44a1a2ba-231e-4186-b6bb-f571bac7a1f7}.tmp
c:\users\maxgr\appdata\local\temp\lnk{02dd51a3-6e79-48f2-b4d7-f89b92d92da2}.tmp
c:\users\maxgr\appdata\local\temp\lnk{239dd6f7-76f6-46ce-8697-529d2b02f7f6}.tmp
c:\users\maxgr\appdata\local\temp\lnk{46082b3f-03dd-47a2-a930-b223b2b0a455}.tmp
c:\users\maxgr\appdata\local\temp\lnk{bf11b935-093f-4db2-90df-05cfc178e327}.tmp
c:\users\maxgr\appdata\local\temp\lnk{bd5ccd58-9c54-44a0-8bf1-ee50e581a2b0}.tmp
c:\users\maxgr\appdata\local\temp\lnk{5705e8bf-04d2-41f7-af1c-fb72e14d1aef}.tmp
c:\users\maxgr\appdata\local\temp\lnk{50a64c89-27a0-41e9-93b7-6f6421494b24}.tmp
c:\users\maxgr\appdata\local\temp\lnk{1db05c8b-5730-43dc-82bc-ced087b06de7}.tmp
c:\users\maxgr\appdata\local\temp\lnk{c04c16bc-4c9a-4d86-9100-09ef3bc26597}.tmp
c:\users\maxgr\appdata\local\temp\lnk{fcd7ae30-7a1c-4ba4-8460-6f2e1a93a5cb}.tmp
c:\users\maxgr\appdata\local\temp\lnk{a21d2e40-76e4-4063-805b-e0c9ae3b9229}.tmp
c:\users\maxgr\appdata\local\temp\lnk{bf6ae1e8-1628-4110-825d-bb6b0d03fed1}.tmp
c:\users\maxgr\appdata\local\temp\lnk{a0fcd45f-85a3-4e1e-aa57-6e2476e46c6a}.tmp
c:\users\maxgr\appdata\local\temp\lnk{f4bcf08e-4af7-4cbb-b67a-14d7815b9e20}.tmp
c:\users\maxgr\appdata\local\temp\lnk{a4844206-301a-44b1-827f-fd578581246d}.tmp
c:\users\maxgr\appdata\local\temp\lnk{8b696c79-fe51-4134-bbce-6b1f154cb577}.tmp
c:\users\maxgr\appdata\local\temp\lnk{15be0281-699e-477c-8d60-bae4e5428883}.tmp
c:\users\maxgr\appdata\local\temp\lnk{7ffbceb9-6c65-4317-8892-4c1bd2fb6c50}.tmp
c:\users\maxgr\appdata\local\temp\lnk{0c540cb8-575a-4a58-8ecc-448c387f8df4}.tmp
c:\users\maxgr\appdata\local\temp\lnk{d43236a9-ac0a-4e05-b451-193fdf40ab0d}.tmp
c:\users\maxgr\appdata\local\temp\lnk{ce928489-65ab-408f-83b9-1ac5000ea345}.tmp
c:\users\maxgr\appdata\local\temp\lnk{b228bf29-2a57-4c53-aa14-d6c3a2c611b4}.tmp
c:\users\maxgr\appdata\local\temp\lnk{ec84e262-470e-417c-b97e-a8598cc0f3b4}.tmp
c:\users\maxgr\appdata\local\temp\lnk{90b1872f-ed2a-4a53-adff-8a359ab9d87d}.tmp
c:\users\maxgr\appdata\local\temp\lnk{88e6904e-c779-42d9-adc4-2f55afd199d6}.tmp
c:\users\maxgr\appdata\local\temp\lnk{fcd95fe1-951b-44f5-88da-5c853c68d90b}.tmp
c:\users\maxgr\appdata\local\temp\lnk{0610771a-1cd8-4fe3-b02f-9c6bdae4c372}.tmp
c:\users\maxgr\appdata\local\temp\lnk{440d5190-1e75-41c5-9508-01b082a232f8}.tmp
c:\users\maxgr\appdata\local\temp\lnk{f04f9b4e-1bca-41a8-a90e-060b2279d9ef}.tmp
c:\users\maxgr\appdata\local\temp\lnk{ff334765-1f4f-49ed-bdf3-8505881f48c6}.tmp
c:\users\maxgr\appdata\local\temp\lnk{4dc0e466-99b5-4212-a779-921895607b53}.tmp
c:\users\maxgr\appdata\local\temp\lnk{2f5e2175-4c78-444c-b6bf-e8f30a8b3e18}.tmp
c:\users\maxgr\appdata\local\temp\lnk{9a6a8342-6883-469b-ae93-341e59b8ff85}.tmp
c:\users\maxgr\appdata\local\temp\lnk{92437724-7cfb-42d9-8e3e-90b0c5106ce2}.tmp
c:\users\maxgr\appdata\local\temp\lnk{987b5458-5d79-4077-a116-641d74cc2928}.tmp
c:\users\maxgr\appdata\local\temp\lnk{8bfb8447-6a4e-49eb-9db4-7725ece9dde9}.tmp
c:\users\maxgr\appdata\local\temp\lnk{2667a726-8162-4934-b670-2b949f5124a1}.tmp
c:\users\maxgr\appdata\local\temp\lnk{108487c8-248f-429a-8338-6b88f4d33ce1}.tmp
c:\users\maxgr\appdata\local\temp\lnk{38a62e93-f915-4e8f-bac7-a994e16e9d99}.tmp
c:\users\maxgr\appdata\local\temp\lnk{1df6cc08-cc90-43b9-b522-8f1b4801d41d}.tmp
c:\users\maxgr\appdata\local\temp\lnk{53644e3f-fe6e-44c3-96dd-53e5342fe8a2}.tmp
c:\users\maxgr\appdata\local\temp\lnk{d48ecb46-b06b-4b54-8771-7d2449c24499}.tmp
c:\users\maxgr\appdata\local\temp\lnk{24c294fe-7038-4230-80b9-0b3d6e4e2f5d}.tmp
c:\users\maxgr\appdata\local\temp\lnk{b431ab0b-9988-4fe9-8489-f052f47562c1}.tmp
c:\users\maxgr\appdata\local\temp\lnk{9fc8611d-563d-4820-b0ce-6fef6ca460aa}.tmp
c:\users\maxgr\appdata\local\temp\lnk{7b59c22d-bb94-4a2f-b8ae-7ba64192c62a}.tmp
c:\users\maxgr\appdata\local\temp\lnk{9acb7e2e-6bb1-40a5-8844-a7cbeab9abe6}.tmp
c:\users\maxgr\appdata\local\temp\lnk{0bc70db3-d222-40a3-b5b0-431488ddcb28}.tmp
c:\users\maxgr\appdata\local\temp\lnk{92f23cf4-b4d2-4bd1-91a1-58526f2ae8cf}.tmp
c:\users\maxgr\appdata\local\temp\lnk{6bac37d2-20e5-4421-bcf5-0db1c569be10}.tmp
d:\uni\semesters\ms\i\many body\lab\hamiltonian\x64\release\hamiltonian.exe
d:\uni\semesters\ms\i\many body\lab\hamiltonian\x64\release\hamiltonian.pdb
d:\uni\semesters\ms\i\many body\lab\hamiltonian\x64\release\hamiltonian.tlog\icl-mcpcom.11368.read.1.tlog
d:\uni\semesters\ms\i\many body\lab\hamiltonian\x64\release\hamiltonian.tlog\icl-mcpcom.11368.write.1.tlog
d:\uni\semesters\ms\i\many body\lab\hamiltonian\x64\release\hamiltonian.tlog\icl-mcpcom.12012.read.1.tlog
d:\uni\semesters\ms\i\many body\lab\hamiltonian\x64\release\hamiltonian.tlog\icl-mcpcom.12012.write.1.tlog
d:\uni\semesters\ms\i\many body\lab\hamiltonian\x64\release\hamiltonian.tlog\icl-mcpcom.13576.read.1.tlog
d:\uni\semesters\ms\i\many body\lab\hamiltonian\x64\release\hamiltonian.tlog\icl-mcpcom.13576.write.1.tlog
d:\uni\semesters\ms\i\many body\lab\hamiltonian\x64\release\hamiltonian.tlog\icl-mcpcom.13976.read.1.tlog
d:\uni\semesters\ms\i\many body\lab\hamiltonian\x64\release\hamiltonian.tlog\icl-mcpcom.13976.write.1.tlog
d:\uni\semesters\ms\i\many body\lab\hamiltonian\x64\release\hamiltonian.tlog\icl-mcpcom.14224.read.1.tlog
d:\uni\semesters\ms\i\many body\lab\hamiltonian\x64\release\hamiltonian.tlog\icl-mcpcom.14224.write.1.tlog
d:\uni\semesters\ms\i\many body\lab\hamiltonian\x64\release\hamiltonian.tlog\icl-mcpcom.14780.read.1.tlog
d:\uni\semesters\ms\i\many body\lab\hamiltonian\x64\release\hamiltonian.tlog\icl-mcpcom.14780.write.1.tlog
d:\uni\semesters\ms\i\many body\lab\hamiltonian\x64\release\hamiltonian.tlog\icl-mcpcom.16076.read.1.tlog
d:\uni\semesters\ms\i\many body\lab\hamiltonian\x64\release\hamiltonian.tlog\icl-mcpcom.16076.write.1.tlog
d:\uni\semesters\ms\i\many body\lab\hamiltonian\x64\release\hamiltonian.tlog\icl-mcpcom.16480.read.1.tlog
d:\uni\semesters\ms\i\many body\lab\hamiltonian\x64\release\hamiltonian.tlog\icl-mcpcom.16480.write.1.tlog
d:\uni\semesters\ms\i\many body\lab\hamiltonian\x64\release\hamiltonian.tlog\icl-mcpcom.16616.read.1.tlog
d:\uni\semesters\ms\i\many body\lab\hamiltonian\x64\release\hamiltonian.tlog\icl-mcpcom.16616.write.1.tlog
d:\uni\semesters\ms\i\many body\lab\hamiltonian\x64\release\hamiltonian.tlog\icl-mcpcom.16644.read.1.tlog
d:\uni\semesters\ms\i\many body\lab\hamiltonian\x64\release\hamiltonian.tlog\icl-mcpcom.16644.write.1.tlog
d:\uni\semesters\ms\i\many body\lab\hamiltonian\x64\release\hamiltonian.tlog\icl-mcpcom.17076.read.1.tlog
d:\uni\semesters\ms\i\many body\lab\hamiltonian\x64\release\hamiltonian.tlog\icl-mcpcom.17076.write.1.tlog
d:\uni\semesters\ms\i\many body\lab\hamiltonian\x64\release\hamiltonian.tlog\icl-mcpcom.19020.read.1.tlog
d:\uni\semesters\ms\i\many body\lab\hamiltonian\x64\release\hamiltonian.tlog\icl-mcpcom.19020.write.1.tlog
d:\uni\semesters\ms\i\many body\lab\hamiltonian\x64\release\hamiltonian.tlog\icl-mcpcom.19360.read.1.tlog
d:\uni\semesters\ms\i\many body\lab\hamiltonian\x64\release\hamiltonian.tlog\icl-mcpcom.19360.write.1.tlog
d:\uni\semesters\ms\i\many body\lab\hamiltonian\x64\release\hamiltonian.tlog\icl-mcpcom.19800.read.1.tlog
d:\uni\semesters\ms\i\many body\lab\hamiltonian\x64\release\hamiltonian.tlog\icl-mcpcom.19800.write.1.tlog
d:\uni\semesters\ms\i\many body\lab\hamiltonian\x64\release\hamiltonian.tlog\icl-mcpcom.19844.read.1.tlog
d:\uni\semesters\ms\i\many body\lab\hamiltonian\x64\release\hamiltonian.tlog\icl-mcpcom.19844.write.1.tlog
d:\uni\semesters\ms\i\many body\lab\hamiltonian\x64\release\hamiltonian.tlog\icl-mcpcom.19896.read.1.tlog
d:\uni\semesters\ms\i\many body\lab\hamiltonian\x64\release\hamiltonian.tlog\icl-mcpcom.19896.write.1.tlog
d:\uni\semesters\ms\i\many body\lab\hamiltonian\x64\release\hamiltonian.tlog\icl-mcpcom.20104.read.1.tlog
d:\uni\semesters\ms\i\many body\lab\hamiltonian\x64\release\hamiltonian.tlog\icl-mcpcom.20104.write.1.tlog
d:\uni\semesters\ms\i\many body\lab\hamiltonian\x64\release\hamiltonian.tlog\icl-mcpcom.20540.read.1.tlog
d:\uni\semesters\ms\i\many body\lab\hamiltonian\x64\release\hamiltonian.tlog\icl-mcpcom.20540.write.1.tlog
d:\uni\semesters\ms\i\many body\lab\hamiltonian\x64\release\hamiltonian.tlog\icl-mcpcom.21376.read.1.tlog
d:\uni\semesters\ms\i\many body\lab\hamiltonian\x64\release\hamiltonian.tlog\icl-mcpcom.21376.write.1.tlog
d:\uni\semesters\ms\i\many body\lab\hamiltonian\x64\release\hamiltonian.tlog\icl-mcpcom.21416.read.1.tlog
d:\uni\semesters\ms\i\many body\lab\hamiltonian\x64\release\hamiltonian.tlog\icl-mcpcom.21416.write.1.tlog
d:\uni\semesters\ms\i\many body\lab\hamiltonian\x64\release\hamiltonian.tlog\icl-mcpcom.21636.read.1.tlog
d:\uni\semesters\ms\i\many body\lab\hamiltonian\x64\release\hamiltonian.tlog\icl-mcpcom.21636.write.1.tlog
d:\uni\semesters\ms\i\many body\lab\hamiltonian\x64\release\hamiltonian.tlog\icl-mcpcom.22268.read.1.tlog
d:\uni\semesters\ms\i\many body\lab\hamiltonian\x64\release\hamiltonian.tlog\icl-mcpcom.22268.write.1.tlog
d:\uni\semesters\ms\i\many body\lab\hamiltonian\x64\release\hamiltonian.tlog\icl-mcpcom.22820.read.1.tlog
d:\uni\semesters\ms\i\many body\lab\hamiltonian\x64\release\hamiltonian.tlog\icl-mcpcom.22820.write.1.tlog
d:\uni\semesters\ms\i\many body\lab\hamiltonian\x64\release\hamiltonian.tlog\icl-mcpcom.22972.read.1.tlog
d:\uni\semesters\ms\i\many body\lab\hamiltonian\x64\release\hamiltonian.tlog\icl-mcpcom.22972.write.1.tlog
d:\uni\semesters\ms\i\many body\lab\hamiltonian\x64\release\hamiltonian.tlog\icl-mcpcom.23280.read.1.tlog
d:\uni\semesters\ms\i\many body\lab\hamiltonian\x64\release\hamiltonian.tlog\icl-mcpcom.23280.write.1.tlog
d:\uni\semesters\ms\i\many body\lab\hamiltonian\x64\release\hamiltonian.tlog\icl-mcpcom.23496.read.1.tlog
d:\uni\semesters\ms\i\many body\lab\hamiltonian\x64\release\hamiltonian.tlog\icl-mcpcom.23496.write.1.tlog
d:\uni\semesters\ms\i\many body\lab\hamiltonian\x64\release\hamiltonian.tlog\icl-mcpcom.23528.read.1.tlog
d:\uni\semesters\ms\i\many body\lab\hamiltonian\x64\release\hamiltonian.tlog\icl-mcpcom.23528.write.1.tlog
d:\uni\semesters\ms\i\many body\lab\hamiltonian\x64\release\hamiltonian.tlog\icl-mcpcom.24056.read.1.tlog
d:\uni\semesters\ms\i\many body\lab\hamiltonian\x64\release\hamiltonian.tlog\icl-mcpcom.24056.write.1.tlog
d:\uni\semesters\ms\i\many body\lab\hamiltonian\x64\release\hamiltonian.tlog\icl-mcpcom.24224.read.1.tlog
d:\uni\semesters\ms\i\many body\lab\hamiltonian\x64\release\hamiltonian.tlog\icl-mcpcom.24224.write.1.tlog
d:\uni\semesters\ms\i\many body\lab\hamiltonian\x64\release\hamiltonian.tlog\icl-mcpcom.24404.read.1.tlog
d:\uni\semesters\ms\i\many body\lab\hamiltonian\x64\release\hamiltonian.tlog\icl-mcpcom.24404.write.1.tlog
d:\uni\semesters\ms\i\many body\lab\hamiltonian\x64\release\hamiltonian.tlog\icl-mcpcom.24752.read.1.tlog
d:\uni\semesters\ms\i\many body\lab\hamiltonian\x64\release\hamiltonian.tlog\icl-mcpcom.24752.write.1.tlog
d:\uni\semesters\ms\i\many body\lab\hamiltonian\x64\release\hamiltonian.tlog\icl-mcpcom.24768.read.1.tlog
d:\uni\semesters\ms\i\many body\lab\hamiltonian\x64\release\hamiltonian.tlog\icl-mcpcom.24768.write.1.tlog
d:\uni\semesters\ms\i\many body\lab\hamiltonian\x64\release\hamiltonian.tlog\icl-mcpcom.24824.read.1.tlog
d:\uni\semesters\ms\i\many body\lab\hamiltonian\x64\release\hamiltonian.tlog\icl-mcpcom.24824.write.1.tlog
d:\uni\semesters\ms\i\many body\lab\hamiltonian\x64\release\hamiltonian.tlog\icl-mcpcom.24916.read.1.tlog
d:\uni\semesters\ms\i\many body\lab\hamiltonian\x64\release\hamiltonian.tlog\icl-mcpcom.24916.write.1.tlog
d:\uni\semesters\ms\i\many body\lab\hamiltonian\x64\release\hamiltonian.tlog\icl-mcpcom.24940.read.1.tlog
d:\uni\semesters\ms\i\many body\lab\hamiltonian\x64\release\hamiltonian.tlog\icl-mcpcom.24940.write.1.tlog
d:\uni\semesters\ms\i\many body\lab\hamiltonian\x64\release\hamiltonian.tlog\icl-mcpcom.25048.read.1.tlog
d:\uni\semesters\ms\i\many body\lab\hamiltonian\x64\release\hamiltonian.tlog\icl-mcpcom.25048.write.1.tlog
d:\uni\semesters\ms\i\many body\lab\hamiltonian\x64\release\hamiltonian.tlog\icl-mcpcom.25324.read.1.tlog
d:\uni\semesters\ms\i\many body\lab\hamiltonian\x64\release\hamiltonian.tlog\icl-mcpcom.25324.write.1.tlog
d:\uni\semesters\ms\i\many body\lab\hamiltonian\x64\release\hamiltonian.tlog\icl-mcpcom.25872.read.1.tlog
d:\uni\semesters\ms\i\many body\lab\hamiltonian\x64\release\hamiltonian.tlog\icl-mcpcom.25872.write.1.tlog
d:\uni\semesters\ms\i\many body\lab\hamiltonian\x64\release\hamiltonian.tlog\icl-mcpcom.25956.read.1.tlog
d:\uni\semesters\ms\i\many body\lab\hamiltonian\x64\release\hamiltonian.tlog\icl-mcpcom.25956.write.1.tlog
d:\uni\semesters\ms\i\many body\lab\hamiltonian\x64\release\hamiltonian.tlog\icl-mcpcom.25972.read.1.tlog
d:\uni\semesters\ms\i\many body\lab\hamiltonian\x64\release\hamiltonian.tlog\icl-mcpcom.25972.write.1.tlog
d:\uni\semesters\ms\i\many body\lab\hamiltonian\x64\release\hamiltonian.tlog\icl-mcpcom.26240.read.1.tlog
d:\uni\semesters\ms\i\many body\lab\hamiltonian\x64\release\hamiltonian.tlog\icl-mcpcom.26240.write.1.tlog
d:\uni\semesters\ms\i\many body\lab\hamiltonian\x64\release\hamiltonian.tlog\icl-mcpcom.26280.read.1.tlog
d:\uni\semesters\ms\i\many body\lab\hamiltonian\x64\release\hamiltonian.tlog\icl-mcpcom.26280.write.1.tlog
d:\uni\semesters\ms\i\many body\lab\hamiltonian\x64\release\hamiltonian.tlog\icl-mcpcom.26464.read.1.tlog
d:\uni\semesters\ms\i\many body\lab\hamiltonian\x64\release\hamiltonian.tlog\icl-mcpcom.26464.write.1.tlog
d:\uni\semesters\ms\i\many body\lab\hamiltonian\x64\release\hamiltonian.tlog\icl-mcpcom.26756.read.1.tlog
d:\uni\semesters\ms\i\many body\lab\hamiltonian\x64\release\hamiltonian.tlog\icl-mcpcom.26756.write.1.tlog
d:\uni\semesters\ms\i\many body\lab\hamiltonian\x64\release\hamiltonian.tlog\icl-mcpcom.26980.read.1.tlog
d:\uni\semesters\ms\i\many body\lab\hamiltonian\x64\release\hamiltonian.tlog\icl-mcpcom.26980.write.1.tlog
d:\uni\semesters\ms\i\many body\lab\hamiltonian\x64\release\hamiltonian.tlog\icl-mcpcom.27288.read.1.tlog
d:\uni\semesters\ms\i\many body\lab\hamiltonian\x64\release\hamiltonian.tlog\icl-mcpcom.27288.write.1.tlog
d:\uni\semesters\ms\i\many body\lab\hamiltonian\x64\release\hamiltonian.tlog\icl-mcpcom.27588.read.1.tlog
d:\uni\semesters\ms\i\many body\lab\hamiltonian\x64\release\hamiltonian.tlog\icl-mcpcom.27588.write.1.tlog
d:\uni\semesters\ms\i\many body\lab\hamiltonian\x64\release\hamiltonian.tlog\icl-mcpcom.27620.read.1.tlog
d:\uni\semesters\ms\i\many body\lab\hamiltonian\x64\release\hamiltonian.tlog\icl-mcpcom.27620.write.1.tlog
d:\uni\semesters\ms\i\many body\lab\hamiltonian\x64\release\hamiltonian.tlog\icl-mcpcom.27780.read.1.tlog
d:\uni\semesters\ms\i\many body\lab\hamiltonian\x64\release\hamiltonian.tlog\icl-mcpcom.27780.write.1.tlog
d:\uni\semesters\ms\i\many body\lab\hamiltonian\x64\release\hamiltonian.tlog\icl-mcpcom.27828.read.1.tlog
d:\uni\semesters\ms\i\many body\lab\hamiltonian\x64\release\hamiltonian.tlog\icl-mcpcom.27828.write.1.tlog
d:\uni\semesters\ms\i\many body\lab\hamiltonian\x64\release\hamiltonian.tlog\icl-mcpcom.28140.read.1.tlog
d:\uni\semesters\ms\i\many body\lab\hamiltonian\x64\release\hamiltonian.tlog\icl-mcpcom.28140.write.1.tlog
d:\uni\semesters\ms\i\many body\lab\hamiltonian\x64\release\hamiltonian.tlog\icl-mcpcom.28248.read.1.tlog
d:\uni\semesters\ms\i\many body\lab\hamiltonian\x64\release\hamiltonian.tlog\icl-mcpcom.28248.write.1.tlog
d:\uni\semesters\ms\i\many body\lab\hamiltonian\x64\release\hamiltonian.tlog\icl-mcpcom.28256.read.1.tlog
d:\uni\semesters\ms\i\many body\lab\hamiltonian\x64\release\hamiltonian.tlog\icl-mcpcom.28256.write.1.tlog
d:\uni\semesters\ms\i\many body\lab\hamiltonian\x64\release\hamiltonian.tlog\icl-mcpcom.28680.read.1.tlog
d:\uni\semesters\ms\i\many body\lab\hamiltonian\x64\release\hamiltonian.tlog\icl-mcpcom.28680.write.1.tlog
d:\uni\semesters\ms\i\many body\lab\hamiltonian\x64\release\hamiltonian.tlog\icl-mcpcom.29324.read.1.tlog
d:\uni\semesters\ms\i\many body\lab\hamiltonian\x64\release\hamiltonian.tlog\icl-mcpcom.29324.write.1.tlog
d:\uni\semesters\ms\i\many body\lab\hamiltonian\x64\release\hamiltonian.tlog\icl-mcpcom.29388.read.1.tlog
d:\uni\semesters\ms\i\many body\lab\hamiltonian\x64\release\hamiltonian.tlog\icl-mcpcom.29388.write.1.tlog
d:\uni\semesters\ms\i\many body\lab\hamiltonian\x64\release\hamiltonian.tlog\icl-mcpcom.29500.read.1.tlog
d:\uni\semesters\ms\i\many body\lab\hamiltonian\x64\release\hamiltonian.tlog\icl-mcpcom.29500.write.1.tlog
d:\uni\semesters\ms\i\many body\lab\hamiltonian\x64\release\hamiltonian.tlog\icl-mcpcom.29596.read.1.tlog
d:\uni\semesters\ms\i\many body\lab\hamiltonian\x64\release\hamiltonian.tlog\icl-mcpcom.29596.write.1.tlog
d:\uni\semesters\ms\i\many body\lab\hamiltonian\x64\release\hamiltonian.tlog\icl-mcpcom.29876.read.1.tlog
d:\uni\semesters\ms\i\many body\lab\hamiltonian\x64\release\hamiltonian.tlog\icl-mcpcom.29876.write.1.tlog
d:\uni\semesters\ms\i\many body\lab\hamiltonian\x64\release\hamiltonian.tlog\icl-mcpcom.30000.read.1.tlog
d:\uni\semesters\ms\i\many body\lab\hamiltonian\x64\release\hamiltonian.tlog\icl-mcpcom.30000.write.1.tlog
d:\uni\semesters\ms\i\many body\lab\hamiltonian\x64\release\hamiltonian.tlog\icl-mcpcom.30068.read.1.tlog
d:\uni\semesters\ms\i\many body\lab\hamiltonian\x64\release\hamiltonian.tlog\icl-mcpcom.30068.write.1.tlog
d:\uni\semesters\ms\i\many body\lab\hamiltonian\x64\release\hamiltonian.tlog\icl-mcpcom.30240.read.1.tlog
d:\uni\semesters\ms\i\many body\lab\hamiltonian\x64\release\hamiltonian.tlog\icl-mcpcom.30240.write.1.tlog
d:\uni\semesters\ms\i\many body\lab\hamiltonian\x64\release\hamiltonian.tlog\icl-mcpcom.30688.read.1.tlog
d:\uni\semesters\ms\i\many body\lab\hamiltonian\x64\release\hamiltonian.tlog\icl-mcpcom.30688.write.1.tlog
d:\uni\semesters\ms\i\many body\lab\hamiltonian\x64\release\hamiltonian.tlog\icl-mcpcom.31636.read.1.tlog
d:\uni\semesters\ms\i\many body\lab\hamiltonian\x64\release\hamiltonian.tlog\icl-mcpcom.31636.write.1.tlog
d:\uni\semesters\ms\i\many body\lab\hamiltonian\x64\release\hamiltonian.tlog\icl-mcpcom.32216.read.1.tlog
d:\uni\semesters\ms\i\many body\lab\hamiltonian\x64\release\hamiltonian.tlog\icl-mcpcom.32216.write.1.tlog
d:\uni\semesters\ms\i\many body\lab\hamiltonian\x64\release\hamiltonian.tlog\icl-mcpcom.32356.read.1.tlog
d:\uni\semesters\ms\i\many body\lab\hamiltonian\x64\release\hamiltonian.tlog\icl-mcpcom.32356.write.1.tlog
d:\uni\semesters\ms\i\many body\lab\hamiltonian\x64\release\hamiltonian.tlog\icl-mcpcom.32480.read.1.tlog
d:\uni\semesters\ms\i\many body\lab\hamiltonian\x64\release\hamiltonian.tlog\icl-mcpcom.32480.write.1.tlog
d:\uni\semesters\ms\i\many body\lab\hamiltonian\x64\release\hamiltonian.tlog\icl-mcpcom.33104.read.1.tlog
d:\uni\semesters\ms\i\many body\lab\hamiltonian\x64\release\hamiltonian.tlog\icl-mcpcom.33104.write.1.tlog
d:\uni\semesters\ms\i\many body\lab\hamiltonian\x64\release\hamiltonian.tlog\icl-mcpcom.33500.read.1.tlog
d:\uni\semesters\ms\i\many body\lab\hamiltonian\x64\release\hamiltonian.tlog\icl-mcpcom.33500.write.1.tlog
d:\uni\semesters\ms\i\many body\lab\hamiltonian\x64\release\hamiltonian.tlog\icl-mcpcom.33504.read.1.tlog
d:\uni\semesters\ms\i\many body\lab\hamiltonian\x64\release\hamiltonian.tlog\icl-mcpcom.33504.write.1.tlog
d:\uni\semesters\ms\i\many body\lab\hamiltonian\x64\release\hamiltonian.tlog\icl-mcpcom.35540.read.1.tlog
d:\uni\semesters\ms\i\many body\lab\hamiltonian\x64\release\hamiltonian.tlog\icl-mcpcom.35540.write.1.tlog
d:\uni\semesters\ms\i\many body\lab\hamiltonian\x64\release\hamiltonian.tlog\icl-mcpcom.35656.read.1.tlog
d:\uni\semesters\ms\i\many body\lab\hamiltonian\x64\release\hamiltonian.tlog\icl-mcpcom.35656.write.1.tlog
d:\uni\semesters\ms\i\many body\lab\hamiltonian\x64\release\hamiltonian.tlog\icl-mcpcom.6044.read.1.tlog
d:\uni\semesters\ms\i\many body\lab\hamiltonian\x64\release\hamiltonian.tlog\icl-mcpcom.6044.write.1.tlog
d:\uni\semesters\ms\i\many body\lab\hamiltonian\x64\release\hamiltonian.tlog\icl-mcpcom.6292.read.1.tlog
d:\uni\semesters\ms\i\many body\lab\hamiltonian\x64\release\hamiltonian.tlog\icl-mcpcom.6292.write.1.tlog
d:\uni\semesters\ms\i\many body\lab\hamiltonian\x64\release\hamiltonian.tlog\icl-mcpcom.7392.read.1.tlog
d:\uni\semesters\ms\i\many body\lab\hamiltonian\x64\release\hamiltonian.tlog\icl-mcpcom.7392.write.1.tlog
d:\uni\semesters\ms\i\many body\lab\hamiltonian\x64\release\hamiltonian.tlog\icl-mcpcom.8560.read.1.tlog
d:\uni\semesters\ms\i\many body\lab\hamiltonian\x64\release\hamiltonian.tlog\icl-mcpcom.8560.write.1.tlog
d:\uni\semesters\ms\i\many body\lab\hamiltonian\x64\release\hamiltonian.tlog\icl-mcpcom.8592.read.1.tlog
d:\uni\semesters\ms\i\many body\lab\hamiltonian\x64\release\hamiltonian.tlog\icl-mcpcom.8592.write.1.tlog
d:\uni\semesters\ms\i\many body\lab\hamiltonian\x64\release\hamiltonian.tlog\icl-mcpcom.8832.read.1.tlog
d:\uni\semesters\ms\i\many body\lab\hamiltonian\x64\release\hamiltonian.tlog\icl-mcpcom.8832.write.1.tlog
d:\uni\semesters\ms\i\many body\lab\hamiltonian\x64\release\hamiltonian.tlog\icl-mcpcom.8856.read.1.tlog
d:\uni\semesters\ms\i\many body\lab\hamiltonian\x64\release\hamiltonian.tlog\icl-mcpcom.8856.write.1.tlog
d:\uni\semesters\ms\i\many body\lab\hamiltonian\x64\release\hamiltonian.tlog\icl-mcpcom.9044.read.1.tlog
d:\uni\semesters\ms\i\many body\lab\hamiltonian\x64\release\hamiltonian.tlog\icl-mcpcom.9044.write.1.tlog
d:\uni\semesters\ms\i\many body\lab\hamiltonian\x64\release\hamiltonian.tlog\icl-mcpcom.read.1.tlog
d:\uni\semesters\ms\i\many body\lab\hamiltonian\x64\release\hamiltonian.tlog\icl-mcpcom.write.1.tlog
d:\uni\semesters\ms\i\many body\lab\hamiltonian\x64\release\hamiltonian.tlog\icl-mcpcom.write.2.tlog
d:\uni\semesters\ms\i\many body\lab\hamiltonian\x64\release\hamiltonian.tlog\icl.command.1.tlog
d:\uni\semesters\ms\i\many body\lab\hamiltonian\x64\release\hamiltonian.tlog\icl.read.1.tlog
d:\uni\semesters\ms\i\many body\lab\hamiltonian\x64\release\hamiltonian.tlog\icl.write.1.tlog
d:\uni\semesters\ms\i\many body\lab\hamiltonian\x64\release\hamiltonian.tlog\xilink-link-cvtres.read.1.tlog
d:\uni\semesters\ms\i\many body\lab\hamiltonian\x64\release\hamiltonian.tlog\xilink-link-cvtres.write.1.tlog
d:\uni\semesters\ms\i\many body\lab\hamiltonian\x64\release\hamiltonian.tlog\xilink-link-rc.read.1.tlog
d:\uni\semesters\ms\i\many body\lab\hamiltonian\x64\release\hamiltonian.tlog\xilink-link-rc.write.1.tlog
d:\uni\semesters\ms\i\many body\lab\hamiltonian\x64\release\hamiltonian.tlog\xilink-link.read.1.tlog
d:\uni\semesters\ms\i\many body\lab\hamiltonian\x64\release\hamiltonian.tlog\xilink-link.read.2.tlog
d:\uni\semesters\ms\i\many body\lab\hamiltonian\x64\release\hamiltonian.tlog\xilink-link.read.3.tlog
d:\uni\semesters\ms\i\many body\lab\hamiltonian\x64\release\hamiltonian.tlog\xilink-link.write.1.tlog
d:\uni\semesters\ms\i\many body\lab\hamiltonian\x64\release\hamiltonian.tlog\xilink-mcpcom.read.1.tlog
d:\uni\semesters\ms\i\many body\lab\hamiltonian\x64\release\hamiltonian.tlog\xilink-mcpcom.write.1.tlog
d:\uni\semesters\ms\i\many body\lab\hamiltonian\x64\release\hamiltonian.tlog\xilink.command.1.tlog
d:\uni\semesters\ms\i\many body\lab\hamiltonian\x64\release\hamiltonian.tlog\xilink.read.1.tlog
d:\uni\semesters\ms\i\many body\lab\hamiltonian\x64\release\hamiltonian.tlog\xilink.write.1.tlog
